TN:
SF:demo/async.js
FN:3,(anonymous_0)
FN:4,(anonymous_1)
FN:5,(anonymous_2)
FN:8,(anonymous_3)
FN:13,(anonymous_4)
FN:17,(anonymous_5)
FNF:6
FNH:4
FNDA:1,(anonymous_0)
FNDA:1,(anonymous_1)
FNDA:0,(anonymous_2)
FNDA:0,(anonymous_3)
FNDA:2,(anonymous_4)
FNDA:2,(anonymous_5)
DA:3,1
DA:4,1
DA:5,1
DA:6,0
DA:9,0
DA:13,1
DA:14,2
DA:17,2
LF:8
LH:6
BRF:0
BRH:0
end_of_record
TN:
SF:demo/sum.js
FN:1,sum
FN:14,comileError
FNF:2
FNH:1
FNDA:1,sum
FNDA:0,comileError
DA:2,1
DA:5,1
DA:15,0
LF:3
LH:2
BRF:0
BRH:0
end_of_record
